<?xml version="1.0" encoding="UTF-8"?>
<testng-results ignored="0" total="2" passed="2" failed="0" skipped="0">
  <reporter-output>
  </reporter-output>
  <suite started-at="2025-01-19T20:23:25 IST" name="Default suite" finished-at="2025-01-19T20:23:36 IST" duration-ms="10772">
    <groups>
    </groups>
    <test started-at="2025-01-19T20:23:25 IST" name="Default test" finished-at="2025-01-19T20:23:36 IST" duration-ms="10772">
      <class name="POM.MiniProject02.ContactListTest">
        <test-method is-config="true" signature="setUp()[pri:0, instance:POM.MiniProject02.ContactListTest@1a677343]" started-at="2025-01-19T20:23:25 IST" name="setUp" finished-at="2025-01-19T20:23:29 IST" duration-ms="4207" status="PASS">
          <reporter-output>
          </reporter-output>
        </test-method> <!-- setUp -->
        <test-method signature="testContactDetailsDisplay()[pri:0, instance:POM.MiniProject02.ContactListTest@1a677343]" started-at="2025-01-19T20:23:29 IST" name="testContactDetailsDisplay" finished-at="2025-01-19T20:23:32 IST" duration-ms="3170" status="PASS">
          <reporter-output>
          </reporter-output>
        </test-method> <!-- testContactDetailsDisplay -->
        <test-method signature="testAlphabeticalOrderByLastName()[pri:0, instance:POM.MiniProject02.ContactListTest@1a677343]" started-at="2025-01-19T20:23:32 IST" name="testAlphabeticalOrderByLastName" finished-at="2025-01-19T20:23:35 IST" depends-on-methods="POM.MiniProject02.ContactListTest.testContactDetailsDisplay" duration-ms="3138" status="PASS">
          <reporter-output>
          </reporter-output>
        </test-method> <!-- testAlphabeticalOrderByLastName -->
        <test-method is-config="true" signature="tearDown()[pri:0, instance:POM.MiniProject02.ContactListTest@1a677343]" started-at="2025-01-19T20:23:35 IST" name="tearDown" finished-at="2025-01-19T20:23:36 IST" duration-ms="187" status="PASS">
          <reporter-output>
          </reporter-output>
        </test-method> <!-- tearDown -->
      </class> <!-- POM.MiniProject02.ContactListTest -->
    </test> <!-- Default test -->
  </suite> <!-- Default suite -->
</testng-results>
