<?xml version="1.0" encoding="UTF-8"?>
<!-- Generated by org.testng.reporters.JUnitXMLReporter -->
<testsuite ignored="0" hostname="LAPTOP-ECIVHE0M" failures="0" tests="2" name="Default test" time="10.772" errors="0" timestamp="2025-01-19T20:23:36 IST">
  <testcase classname="POM.MiniProject02.ContactListTest" name="testContactDetailsDisplay" time="3.17"/>
  <testcase classname="POM.MiniProject02.ContactListTest" name="testAlphabeticalOrderByLastName" time="3.138"/>
</testsuite> <!-- Default test -->
